[0m09:56:09.305760 [debug] [MainThread]: Sending event: {'category': 'dbt', 'action': 'invocation', 'label': 'start', 'context': [<snowplow_tracker.self_describing_json.SelfDescribingJson object at 0x1145169d0>, <snowplow_tracker.self_describing_json.SelfDescribingJson object at 0x11464b3d0>, <snowplow_tracker.self_describing_json.SelfDescribingJson object at 0x114672150>]}


============================== 09:56:09.308381 | 12b65631-d3ea-4c01-93bf-4610b07b334b ==============================
[0m09:56:09.308381 [info ] [MainThread]: Running with dbt=1.11.6
[0m09:56:09.308714 [debug] [MainThread]: running dbt with arguments {'introspect': 'True', 'no_print': 'None', 'debug': 'False', 'warn_error_options': 'WarnErrorOptionsV2(error=[], warn=[], silence=[])', 'warn_error': 'None', 'partial_parse': 'True', 'quiet': 'False', 'empty': 'None', 'cache_selected_only': 'False', 'log_path': '/Users/brentondickerson/git/breathe/civic_affordability_pg/dbt/logs', 'invocation_command': 'dbt debug --profiles-dir .dbt', 'indirect_selection': 'eager', 'profiles_dir': '.dbt', 'log_format': 'default', 'use_colors': 'True', 'use_experimental_parser': 'False', 'printer_width': '80', 'static_parser': 'True', 'send_anonymous_usage_stats': 'True', 'fail_fast': 'False', 'target_path': 'None', 'version_check': 'True', 'log_cache_events': 'False', 'write_json': 'True'}
[0m09:56:09.317687 [info ] [MainThread]: dbt version: 1.11.6
[0m09:56:09.317916 [info ] [MainThread]: python version: 3.11.9
[0m09:56:09.318066 [info ] [MainThread]: python path: /Users/brentondickerson/git/breathe/civic_affordability_pg/dbt/.venv/bin/python3
[0m09:56:09.318203 [info ] [MainThread]: os info: macOS-14.5-arm64-arm-64bit
[0m09:56:09.356088 [info ] [MainThread]: Using profiles dir at .dbt
[0m09:56:09.356315 [info ] [MainThread]: Using profiles.yml file at .dbt/profiles.yml
[0m09:56:09.356453 [info ] [MainThread]: Using dbt_project.yml file at /Users/brentondickerson/git/breathe/civic_affordability_pg/dbt/dbt_project.yml
[0m09:56:09.356769 [info ] [MainThread]: adapter type: postgres
[0m09:56:09.356901 [info ] [MainThread]: adapter version: 1.10.0
[0m09:56:09.397180 [info ] [MainThread]: Configuration:
[0m09:56:09.397434 [info ] [MainThread]:   profiles.yml file [[32mOK found and valid[0m]
[0m09:56:09.397577 [info ] [MainThread]:   dbt_project.yml file [[32mOK found and valid[0m]
[0m09:56:09.397709 [info ] [MainThread]: Required dependencies:
[0m09:56:09.397866 [debug] [MainThread]: Executing "git --help"
[0m09:56:09.407851 [debug] [MainThread]: STDOUT: "b"usage: git [-v | --version] [-h | --help] [-C <path>] [-c <name>=<value>]\n           [--exec-path[=<path>]] [--html-path] [--man-path] [--info-path]\n           [-p | --paginate | -P | --no-pager] [--no-replace-objects] [--no-lazy-fetch]\n           [--no-optional-locks] [--no-advice] [--bare] [--git-dir=<path>]\n           [--work-tree=<path>] [--namespace=<name>] [--config-env=<name>=<envvar>]\n           <command> [<args>]\n\nThese are common Git commands used in various situations:\n\nstart a working area (see also: git help tutorial)\n   clone      Clone a repository into a new directory\n   init       Create an empty Git repository or reinitialize an existing one\n\nwork on the current change (see also: git help everyday)\n   add        Add file contents to the index\n   mv         Move or rename a file, a directory, or a symlink\n   restore    Restore working tree files\n   rm         Remove files from the working tree and from the index\n\nexamine the history and state (see also: git help revisions)\n   bisect     Use binary search to find the commit that introduced a bug\n   diff       Show changes between commits, commit and working tree, etc\n   grep       Print lines matching a pattern\n   log        Show commit logs\n   show       Show various types of objects\n   status     Show the working tree status\n\ngrow, mark and tweak your common history\n   backfill   Download missing objects in a partial clone\n   branch     List, create, or delete branches\n   commit     Record changes to the repository\n   merge      Join two or more development histories together\n   rebase     Reapply commits on top of another base tip\n   reset      Reset current HEAD to the specified state\n   switch     Switch branches\n   tag        Create, list, delete or verify a tag object signed with GPG\n\ncollaborate (see also: git help workflows)\n   fetch      Download objects and refs from another repository\n   pull       Fetch from and integrate with another repository or a local branch\n   push       Update remote refs along with associated objects\n\n'git help -a' and 'git help -g' list available subcommands and some\nconcept guides. See 'git help <command>' or 'git help <concept>'\nto read about a specific subcommand or concept.\nSee 'git help git' for an overview of the system.\n""
[0m09:56:09.408706 [debug] [MainThread]: STDERR: "b''"
[0m09:56:09.408912 [info ] [MainThread]:  - git [[32mOK found[0m]

[0m09:56:09.409065 [info ] [MainThread]: Connection:
[0m09:56:09.409244 [info ] [MainThread]:   host: db.wtfcubbiyglhsywrbkgf.supabase.co
[0m09:56:09.409372 [info ] [MainThread]:   port: 5432
[0m09:56:09.409494 [info ] [MainThread]:   user: postgres
[0m09:56:09.409622 [info ] [MainThread]:   database: postgres
[0m09:56:09.409744 [info ] [MainThread]:   schema: analytics
[0m09:56:09.409861 [info ] [MainThread]:   connect_timeout: 10
[0m09:56:09.409981 [info ] [MainThread]:   role: None
[0m09:56:09.410100 [info ] [MainThread]:   search_path: None
[0m09:56:09.410216 [info ] [MainThread]:   keepalives_idle: 0
[0m09:56:09.410336 [info ] [MainThread]:   sslmode: require
[0m09:56:09.410455 [info ] [MainThread]:   sslcert: None
[0m09:56:09.410570 [info ] [MainThread]:   sslkey: None
[0m09:56:09.410689 [info ] [MainThread]:   sslrootcert: None
[0m09:56:09.410807 [info ] [MainThread]:   application_name: dbt
[0m09:56:09.410922 [info ] [MainThread]:   retries: 1
[0m09:56:09.411202 [info ] [MainThread]: Registered adapter: postgres=1.10.0
[0m09:56:09.509776 [debug] [MainThread]: Acquiring new postgres connection 'debug'
[0m09:56:09.529137 [debug] [MainThread]: Using postgres connection "debug"
[0m09:56:09.529325 [debug] [MainThread]: On debug: select 1 as id
[0m09:56:09.529454 [debug] [MainThread]: Opening a new connection, currently in state init
[0m09:56:10.898263 [debug] [MainThread]: SQL status: SELECT 1 in 1.368 seconds
[0m09:56:10.899794 [debug] [MainThread]: On debug: Close
[0m09:56:10.900583 [info ] [MainThread]:   Connection test: [[32mOK connection ok[0m]

[0m09:56:10.900832 [info ] [MainThread]: [32mAll checks passed![0m
[0m09:56:10.913118 [debug] [MainThread]: Resource report: {"command_name": "debug", "command_success": true, "command_wall_clock_time": 1.6487626, "process_in_blocks": "0", "process_kernel_time": 0.171294, "process_mem_max_rss": "118521856", "process_out_blocks": "0", "process_user_time": 0.693381}
[0m09:56:10.913501 [debug] [MainThread]: Command `dbt debug` succeeded at 09:56:10.913433 after 1.65 seconds
[0m09:56:10.913773 [debug] [MainThread]: Connection 'debug' was properly closed.
[0m09:56:10.914047 [debug] [MainThread]: Sending event: {'category': 'dbt', 'action': 'invocation', 'label': 'end', 'context': [<snowplow_tracker.self_describing_json.SelfDescribingJson object at 0x10520bc50>, <snowplow_tracker.self_describing_json.SelfDescribingJson object at 0x114611690>, <snowplow_tracker.self_describing_json.SelfDescribingJson object at 0x115c07010>]}
[0m09:56:10.914364 [debug] [MainThread]: Flushing usage events
[0m09:56:11.548196 [debug] [MainThread]: An error was encountered while trying to flush usage events
[0m09:56:45.867687 [debug] [MainThread]: Sending event: {'category': 'dbt', 'action': 'invocation', 'label': 'start', 'context': [<snowplow_tracker.self_describing_json.SelfDescribingJson object at 0x1054e7f10>, <snowplow_tracker.self_describing_json.SelfDescribingJson object at 0x105561890>, <snowplow_tracker.self_describing_json.SelfDescribingJson object at 0x105562650>]}


============================== 09:56:45.870656 | c8c8dc55-7488-4ee4-afb4-067ef646a258 ==============================
[0m09:56:45.870656 [info ] [MainThread]: Running with dbt=1.11.6
[0m09:56:45.870987 [debug] [MainThread]: running dbt with arguments {'use_colors': 'True', 'no_print': 'None', 'invocation_command': 'dbt run --profiles-dir .dbt', 'log_format': 'default', 'printer_width': '80', 'indirect_selection': 'eager', 'log_path': '/Users/brentondickerson/git/breathe/civic_affordability_pg/dbt/logs', 'use_experimental_parser': 'False', 'debug': 'False', 'partial_parse': 'True', 'target_path': 'None', 'empty': 'False', 'introspect': 'True', 'warn_error_options': 'WarnErrorOptionsV2(error=[], warn=[], silence=[])', 'warn_error': 'None', 'fail_fast': 'False', 'send_anonymous_usage_stats': 'True', 'profiles_dir': '.dbt', 'write_json': 'True', 'version_check': 'True', 'log_cache_events': 'False', 'cache_selected_only': 'False', 'quiet': 'False', 'static_parser': 'True'}
[0m09:56:45.961926 [debug] [MainThread]: Sending event: {'category': 'dbt', 'action': 'project_id', 'label': 'c8c8dc55-7488-4ee4-afb4-067ef646a258', 'context': [<snowplow_tracker.self_describing_json.SelfDescribingJson object at 0x1054f2990>]}
[0m09:56:45.987476 [debug] [MainThread]: Sending event: {'category': 'dbt', 'action': 'adapter_info', 'label': 'c8c8dc55-7488-4ee4-afb4-067ef646a258', 'context': [<snowplow_tracker.self_describing_json.SelfDescribingJson object at 0x1027c96d0>]}
[0m09:56:45.988123 [info ] [MainThread]: Registered adapter: postgres=1.10.0
[0m09:56:46.039683 [debug] [MainThread]: checksum: ec27062d18352e9cfca161c166fcc73d2201661a23a3cf3c89196a27f32cfcb8, vars: {}, profile: , target: , version: 1.11.6
[0m09:56:46.040064 [info ] [MainThread]: Unable to do partial parsing because saved manifest not found. Starting full parse.
[0m09:56:46.040253 [debug] [MainThread]: Sending event: {'category': 'dbt', 'action': 'partial_parser', 'label': 'c8c8dc55-7488-4ee4-afb4-067ef646a258', 'context': [<snowplow_tracker.self_describing_json.SelfDescribingJson object at 0x10554add0>]}
[0m09:56:46.559352 [debug] [MainThread]: Sending event: {'category': 'dbt', 'action': 'load_project', 'label': 'c8c8dc55-7488-4ee4-afb4-067ef646a258', 'context': [<snowplow_tracker.self_describing_json.SelfDescribingJson object at 0x10618fd50>]}
[0m09:56:46.592390 [debug] [MainThread]: Wrote artifact WritableManifest to /Users/brentondickerson/git/breathe/civic_affordability_pg/dbt/target/manifest.json
[0m09:56:46.593370 [debug] [MainThread]: Wrote artifact SemanticManifest to /Users/brentondickerson/git/breathe/civic_affordability_pg/dbt/target/semantic_manifest.json
[0m09:56:46.604541 [debug] [MainThread]: Sending event: {'category': 'dbt', 'action': 'resource_counts', 'label': 'c8c8dc55-7488-4ee4-afb4-067ef646a258', 'context': [<snowplow_tracker.self_describing_json.SelfDescribingJson object at 0x1069cf550>]}
[0m09:56:46.604801 [info ] [MainThread]: Found 3 models, 2 seeds, 5 sources, 464 macros
[0m09:56:46.604963 [debug] [MainThread]: Sending event: {'category': 'dbt', 'action': 'runnable_timing', 'label': 'c8c8dc55-7488-4ee4-afb4-067ef646a258', 'context': [<snowplow_tracker.self_describing_json.SelfDescribingJson object at 0x1068c3e10>]}
[0m09:56:46.605737 [info ] [MainThread]: 
[0m09:56:46.605892 [info ] [MainThread]: Concurrency: 4 threads (target='dev')
[0m09:56:46.606023 [info ] [MainThread]: 
[0m09:56:46.606232 [debug] [MainThread]: Acquiring new postgres connection 'master'
[0m09:56:46.607946 [debug] [ThreadPool]: Acquiring new postgres connection 'list_postgres'
[0m09:56:46.631001 [debug] [ThreadPool]: Using postgres connection "list_postgres"
[0m09:56:46.631204 [debug] [ThreadPool]: On list_postgres: /* {"app": "dbt", "dbt_version": "1.11.6", "profile_name": "civic_affordability", "target_name": "dev", "connection_name": "list_postgres"} */

    select distinct nspname from pg_namespace
  
[0m09:56:46.631329 [debug] [ThreadPool]: Opening a new connection, currently in state init
[0m09:56:47.868376 [debug] [ThreadPool]: SQL status: SELECT 18 in 1.236 seconds
[0m09:56:47.871928 [debug] [ThreadPool]: On list_postgres: Close
[0m09:56:47.874025 [debug] [ThreadPool]: Re-using an available connection from the pool (formerly list_postgres, now create_postgres_analytics_analytics)
[0m09:56:47.874575 [debug] [ThreadPool]: Creating schema "database: "postgres"
schema: "analytics_analytics"
"
[0m09:56:47.879987 [debug] [ThreadPool]: Using postgres connection "create_postgres_analytics_analytics"
[0m09:56:47.880199 [debug] [ThreadPool]: On create_postgres_analytics_analytics: /* {"app": "dbt", "dbt_version": "1.11.6", "profile_name": "civic_affordability", "target_name": "dev", "connection_name": "create_postgres_analytics_analytics"} */
create schema if not exists "analytics_analytics"
[0m09:56:47.880381 [debug] [ThreadPool]: Opening a new connection, currently in state closed
[0m09:56:49.096211 [debug] [ThreadPool]: SQL status: CREATE SCHEMA in 1.216 seconds
[0m09:56:49.099267 [debug] [ThreadPool]: On create_postgres_analytics_analytics: COMMIT
[0m09:56:49.100489 [debug] [ThreadPool]: Using postgres connection "create_postgres_analytics_analytics"
[0m09:56:49.101126 [debug] [ThreadPool]: On create_postgres_analytics_analytics: COMMIT
[0m09:56:49.208658 [debug] [ThreadPool]: SQL status: COMMIT in 0.107 seconds
[0m09:56:49.210035 [debug] [ThreadPool]: On create_postgres_analytics_analytics: Close
[0m09:56:49.215571 [debug] [ThreadPool]: Re-using an available connection from the pool (formerly create_postgres_analytics_analytics, now list_postgres_analytics_analytics)
[0m09:56:49.216675 [debug] [ThreadPool]: Acquiring new postgres connection 'list_postgres_analytics'
[0m09:56:49.227715 [debug] [ThreadPool]: Using postgres connection "list_postgres_analytics_analytics"
[0m09:56:49.230672 [debug] [ThreadPool]: Using postgres connection "list_postgres_analytics"
[0m09:56:49.231133 [debug] [ThreadPool]: On list_postgres_analytics_analytics: /* {"app": "dbt", "dbt_version": "1.11.6", "profile_name": "civic_affordability", "target_name": "dev", "connection_name": "list_postgres_analytics_analytics"} */
select
      'postgres' as database,
      tablename as name,
      schemaname as schema,
      'table' as type
    from pg_tables
    where schemaname ilike 'analytics_analytics'
    union all
    select
      'postgres' as database,
      viewname as name,
      schemaname as schema,
      'view' as type
    from pg_views
    where schemaname ilike 'analytics_analytics'
    union all
    select
      'postgres' as database,
      matviewname as name,
      schemaname as schema,
      'materialized_view' as type
    from pg_matviews
    where schemaname ilike 'analytics_analytics'
  
[0m09:56:49.231529 [debug] [ThreadPool]: On list_postgres_analytics: /* {"app": "dbt", "dbt_version": "1.11.6", "profile_name": "civic_affordability", "target_name": "dev", "connection_name": "list_postgres_analytics"} */
select
      'postgres' as database,
      tablename as name,
      schemaname as schema,
      'table' as type
    from pg_tables
    where schemaname ilike 'analytics'
    union all
    select
      'postgres' as database,
      viewname as name,
      schemaname as schema,
      'view' as type
    from pg_views
    where schemaname ilike 'analytics'
    union all
    select
      'postgres' as database,
      matviewname as name,
      schemaname as schema,
      'materialized_view' as type
    from pg_matviews
    where schemaname ilike 'analytics'
  
[0m09:56:49.231868 [debug] [ThreadPool]: Opening a new connection, currently in state closed
[0m09:56:49.232165 [debug] [ThreadPool]: Opening a new connection, currently in state init
[0m09:56:50.372567 [debug] [ThreadPool]: SQL status: SELECT 3 in 1.140 seconds
[0m09:56:50.374765 [debug] [ThreadPool]: On list_postgres_analytics: ROLLBACK
[0m09:56:50.375175 [debug] [ThreadPool]: SQL status: SELECT 0 in 1.143 seconds
[0m09:56:50.376462 [debug] [ThreadPool]: On list_postgres_analytics_analytics: ROLLBACK
[0m09:56:50.501039 [debug] [ThreadPool]: On list_postgres_analytics: Close
[0m09:56:50.501850 [debug] [ThreadPool]: On list_postgres_analytics_analytics: Close
[0m09:56:50.512268 [debug] [MainThread]: Using postgres connection "master"
[0m09:56:50.513064 [debug] [MainThread]: On master: /* {"app": "dbt", "dbt_version": "1.11.6", "profile_name": "civic_affordability", "target_name": "dev", "connection_name": "master"} */
select distinct
        dependent_namespace.nspname as dependent_schema,
        dependent_class.relname as dependent_name,
        referenced_namespace.nspname as referenced_schema,
        referenced_class.relname as referenced_name

    -- Query for views: views are entries in pg_class with an entry in pg_rewrite, but we avoid
    -- a seq scan on pg_rewrite by leveraging the fact there is an "internal" row in pg_depend for
    -- the view...
    from pg_class as dependent_class
    join pg_namespace as dependent_namespace on dependent_namespace.oid = dependent_class.relnamespace
    join pg_depend as dependent_depend on dependent_depend.refobjid = dependent_class.oid
        and dependent_depend.classid = 'pg_rewrite'::regclass
        and dependent_depend.refclassid = 'pg_class'::regclass
        and dependent_depend.deptype = 'i'

    -- ... and via pg_depend (that has a row per column, hence the need for "distinct" above, and
    -- making sure to exclude the internal row to avoid a view appearing to depend on itself)...
    join pg_depend as joining_depend on joining_depend.objid = dependent_depend.objid
        and joining_depend.classid = 'pg_rewrite'::regclass
        and joining_depend.refclassid = 'pg_class'::regclass
        and joining_depend.refobjid != dependent_depend.refobjid

    -- ... we can find the tables they query from in pg_class, but excluding system tables. Note we
    -- don't need need to exclude _dependent_ system tables, because they only query from other
    -- system tables, and so are automatically excluded by excluding _referenced_ system tables
    join pg_class as referenced_class on referenced_class.oid = joining_depend.refobjid
    join pg_namespace as referenced_namespace on referenced_namespace.oid = referenced_class.relnamespace
        and referenced_namespace.nspname != 'information_schema'
        and referenced_namespace.nspname not like 'pg\_%'

    order by
        dependent_schema, dependent_name, referenced_schema, referenced_name;
[0m09:56:50.513737 [debug] [MainThread]: Opening a new connection, currently in state init
[0m09:56:51.652187 [debug] [MainThread]: SQL status: SELECT 8 in 1.138 seconds
[0m09:56:51.657126 [debug] [MainThread]: Sending event: {'category': 'dbt', 'action': 'runnable_timing', 'label': 'c8c8dc55-7488-4ee4-afb4-067ef646a258', 'context': [<snowplow_tracker.self_describing_json.SelfDescribingJson object at 0x104e56a90>]}
[0m09:56:51.658520 [debug] [MainThread]: On master: ROLLBACK
[0m09:56:51.767421 [debug] [MainThread]: On master: COMMIT
[0m09:56:51.768667 [debug] [MainThread]: Using postgres connection "master"
[0m09:56:51.769485 [debug] [MainThread]: On master: COMMIT
[0m09:56:52.010243 [debug] [MainThread]: SQL status: COMMIT in 0.240 seconds
[0m09:56:52.011671 [debug] [MainThread]: On master: Close
[0m09:56:52.022136 [debug] [Thread-1 (]: Began running node model.civic_affordability.mart_affordability_index_annual
[0m09:56:52.022906 [debug] [Thread-2 (]: Began running node model.civic_affordability.mart_policy_events_direct
[0m09:56:52.023941 [info ] [Thread-1 (]: 1 of 3 START sql view model analytics_analytics.mart_affordability_index_annual  [RUN]
[0m09:56:52.024785 [info ] [Thread-2 (]: 2 of 3 START sql view model analytics_analytics.mart_policy_events_direct ...... [RUN]
[0m09:56:52.025598 [debug] [Thread-1 (]: Re-using an available connection from the pool (formerly list_postgres_analytics_analytics, now model.civic_affordability.mart_affordability_index_annual)
[0m09:56:52.026237 [debug] [Thread-2 (]: Acquiring new postgres connection 'model.civic_affordability.mart_policy_events_direct'
[0m09:56:52.026712 [debug] [Thread-1 (]: Began compiling node model.civic_affordability.mart_affordability_index_annual
[0m09:56:52.027160 [debug] [Thread-2 (]: Began compiling node model.civic_affordability.mart_policy_events_direct
[0m09:56:52.038527 [debug] [Thread-1 (]: Writing injected SQL for node "model.civic_affordability.mart_affordability_index_annual"
[0m09:56:52.042845 [debug] [Thread-2 (]: Writing injected SQL for node "model.civic_affordability.mart_policy_events_direct"
[0m09:56:52.044694 [debug] [Thread-2 (]: Began executing node model.civic_affordability.mart_policy_events_direct
[0m09:56:52.045011 [debug] [Thread-1 (]: Began executing node model.civic_affordability.mart_affordability_index_annual
[0m09:56:52.067225 [debug] [Thread-2 (]: Writing runtime sql for node "model.civic_affordability.mart_policy_events_direct"
[0m09:56:52.069316 [debug] [Thread-1 (]: Writing runtime sql for node "model.civic_affordability.mart_affordability_index_annual"
[0m09:56:52.070094 [debug] [Thread-1 (]: Using postgres connection "model.civic_affordability.mart_affordability_index_annual"
[0m09:56:52.070343 [debug] [Thread-2 (]: Using postgres connection "model.civic_affordability.mart_policy_events_direct"
[0m09:56:52.070609 [debug] [Thread-1 (]: On model.civic_affordability.mart_affordability_index_annual: /* {"app": "dbt", "dbt_version": "1.11.6", "profile_name": "civic_affordability", "target_name": "dev", "node_id": "model.civic_affordability.mart_affordability_index_annual"} */

  create view "postgres"."analytics_analytics"."mart_affordability_index_annual__dbt_tmp"
    
    
  as (
    WITH metric_values AS (
    SELECT
        fm.geo_id,
        dt.year,
        dg.state_abbrev,
        dm.metric_name,
        fm.value
    FROM "postgres"."raw"."fact_metric" fm
    JOIN "postgres"."raw"."dim_time" dt ON dt.period_id = fm.period_id
    JOIN "postgres"."raw"."dim_geo" dg ON dg.geo_id = fm.geo_id
    JOIN "postgres"."raw"."dim_metric" dm ON dm.metric_id = fm.metric_id
),
wide_values AS (
    SELECT
        geo_id,
        state_abbrev,
        year,
        MAX(CASE WHEN metric_name = 'income_real' THEN value END) AS income_real,
        MAX(CASE WHEN metric_name = 'housing_hpi' THEN value END) AS housing_hpi,
        MAX(CASE WHEN metric_name = 'healthcare_pc' THEN value END) AS healthcare_pc,
        MAX(CASE WHEN metric_name = 'childcare_annual' THEN value END) AS childcare_annual
    FROM metric_values
    GROUP BY geo_id, state_abbrev, year
),
base_values AS (
    SELECT
        geo_id,
        MAX(CASE WHEN year = 2003 THEN income_real END) AS income_base,
        MAX(CASE WHEN year = 2003 THEN housing_hpi END) AS housing_base,
        MAX(CASE WHEN year = 2003 THEN healthcare_pc END) AS healthcare_base,
        MAX(CASE WHEN year = 2003 THEN childcare_annual END) AS childcare_base
    FROM wide_values
    GROUP BY geo_id
)
SELECT
    w.geo_id,
    w.state_abbrev,
    w.year,
    w.income_real,
    w.housing_hpi,
    w.healthcare_pc,
    w.childcare_annual,
    (w.income_real / NULLIF(b.income_base, 0)) * 100.0 AS income_index,
    (w.housing_hpi / NULLIF(b.housing_base, 0)) * 100.0 AS housing_index,
    (w.healthcare_pc / NULLIF(b.healthcare_base, 0)) * 100.0 AS healthcare_index,
    (w.childcare_annual / NULLIF(b.childcare_base, 0)) * 100.0 AS childcare_index
FROM wide_values w
JOIN base_values b ON b.geo_id = w.geo_id
ORDER BY w.geo_id, w.year;
  );
[0m09:56:52.070871 [debug] [Thread-2 (]: On model.civic_affordability.mart_policy_events_direct: /* {"app": "dbt", "dbt_version": "1.11.6", "profile_name": "civic_affordability", "target_name": "dev", "node_id": "model.civic_affordability.mart_policy_events_direct"} */

  create view "postgres"."analytics_analytics"."mart_policy_events_direct__dbt_tmp"
    
    
  as (
    SELECT
    fpe.event_id,
    fpe.geo_id,
    dg.state_abbrev,
    fpe.year,
    fpe.short_label,
    fpe.summary,
    fpe.category
FROM "postgres"."raw"."fact_policy_event" fpe
JOIN "postgres"."raw"."dim_geo" dg ON dg.geo_id = fpe.geo_id
WHERE fpe.impact_level = 'direct'
ORDER BY fpe.year, fpe.event_id;
  );
[0m09:56:52.071076 [debug] [Thread-1 (]: Opening a new connection, currently in state closed
[0m09:56:52.071254 [debug] [Thread-2 (]: Opening a new connection, currently in state init
[0m09:56:53.217209 [debug] [Thread-2 (]: Postgres adapter: Postgres error: syntax error at or near ";"
LINE 18: ORDER BY fpe.year, fpe.event_id;
                                        ^

[0m09:56:53.218389 [debug] [Thread-1 (]: Postgres adapter: Postgres error: syntax error at or near ";"
LINE 55: ORDER BY w.geo_id, w.year;
                                  ^

[0m09:56:53.219528 [debug] [Thread-2 (]: On model.civic_affordability.mart_policy_events_direct: ROLLBACK
[0m09:56:53.220545 [debug] [Thread-1 (]: On model.civic_affordability.mart_affordability_index_annual: ROLLBACK
[0m09:56:53.354223 [debug] [Thread-2 (]: On model.civic_affordability.mart_policy_events_direct: Close
[0m09:56:53.355468 [debug] [Thread-1 (]: On model.civic_affordability.mart_affordability_index_annual: Close
[0m09:56:53.366921 [debug] [Thread-1 (]: Database Error in model mart_affordability_index_annual (models/marts/mart_affordability_index_annual.sql)
  syntax error at or near ";"
  LINE 55: ORDER BY w.geo_id, w.year;
                                    ^
  compiled code at target/run/civic_affordability/models/marts/mart_affordability_index_annual.sql
[0m09:56:53.368141 [debug] [Thread-2 (]: Database Error in model mart_policy_events_direct (models/marts/mart_policy_events_direct.sql)
  syntax error at or near ";"
  LINE 18: ORDER BY fpe.year, fpe.event_id;
                                          ^
  compiled code at target/run/civic_affordability/models/marts/mart_policy_events_direct.sql
[0m09:56:53.377534 [debug] [Thread-1 (]: Sending event: {'category': 'dbt', 'action': 'run_model', 'label': 'c8c8dc55-7488-4ee4-afb4-067ef646a258', 'context': [<snowplow_tracker.self_describing_json.SelfDescribingJson object at 0x106ce6f10>]}
[0m09:56:53.377840 [debug] [Thread-2 (]: Sending event: {'category': 'dbt', 'action': 'run_model', 'label': 'c8c8dc55-7488-4ee4-afb4-067ef646a258', 'context': [<snowplow_tracker.self_describing_json.SelfDescribingJson object at 0x106e295d0>]}
[0m09:56:53.380774 [error] [Thread-1 (]: 1 of 3 ERROR creating sql view model analytics_analytics.mart_affordability_index_annual  [[31mERROR[0m in 1.34s]
[0m09:56:53.381355 [error] [Thread-2 (]: 2 of 3 ERROR creating sql view model analytics_analytics.mart_policy_events_direct  [[31mERROR[0m in 1.35s]
[0m09:56:53.381917 [debug] [Thread-1 (]: Finished running node model.civic_affordability.mart_affordability_index_annual
[0m09:56:53.382327 [debug] [Thread-2 (]: Finished running node model.civic_affordability.mart_policy_events_direct
[0m09:56:53.382796 [debug] [Thread-7 (]: Marking all children of 'model.civic_affordability.mart_affordability_index_annual' to be skipped because of status 'error'.  Reason: Database Error in model mart_affordability_index_annual (models/marts/mart_affordability_index_annual.sql)
  syntax error at or near ";"
  LINE 55: ORDER BY w.geo_id, w.year;
                                    ^
  compiled code at target/run/civic_affordability/models/marts/mart_affordability_index_annual.sql.
[0m09:56:53.384197 [debug] [Thread-7 (]: Marking all children of 'model.civic_affordability.mart_policy_events_direct' to be skipped because of status 'error'.  Reason: Database Error in model mart_policy_events_direct (models/marts/mart_policy_events_direct.sql)
  syntax error at or near ";"
  LINE 18: ORDER BY fpe.year, fpe.event_id;
                                          ^
  compiled code at target/run/civic_affordability/models/marts/mart_policy_events_direct.sql.
[0m09:56:53.384723 [debug] [Thread-4 (]: Began running node model.civic_affordability.mart_cost_pressure_annual
[0m09:56:53.385108 [info ] [Thread-4 (]: 3 of 3 SKIP relation analytics_analytics.mart_cost_pressure_annual ............. [[33mSKIP[0m]
[0m09:56:53.385460 [debug] [Thread-4 (]: Finished running node model.civic_affordability.mart_cost_pressure_annual
[0m09:56:53.386732 [debug] [MainThread]: On master: COMMIT
[0m09:56:53.387001 [debug] [MainThread]: Using postgres connection "master"
[0m09:56:53.387205 [debug] [MainThread]: On master: COMMIT
[0m09:56:53.387422 [debug] [MainThread]: Opening a new connection, currently in state closed
[0m09:56:54.532305 [debug] [MainThread]: SQL status: COMMIT in 1.145 seconds
[0m09:56:54.533646 [debug] [MainThread]: On master: Close
[0m09:56:54.535180 [debug] [MainThread]: Connection 'master' was properly closed.
[0m09:56:54.535733 [debug] [MainThread]: Connection 'model.civic_affordability.mart_affordability_index_annual' was properly closed.
[0m09:56:54.536187 [debug] [MainThread]: Connection 'list_postgres_analytics' was properly closed.
[0m09:56:54.536625 [debug] [MainThread]: Connection 'model.civic_affordability.mart_policy_events_direct' was properly closed.
[0m09:56:54.537454 [info ] [MainThread]: 
[0m09:56:54.538044 [info ] [MainThread]: Finished running 3 view models in 0 hours 0 minutes and 7.93 seconds (7.93s).
[0m09:56:54.540157 [debug] [MainThread]: Command end result
[0m09:56:54.576150 [debug] [MainThread]: Wrote artifact WritableManifest to /Users/brentondickerson/git/breathe/civic_affordability_pg/dbt/target/manifest.json
[0m09:56:54.579291 [debug] [MainThread]: Wrote artifact SemanticManifest to /Users/brentondickerson/git/breathe/civic_affordability_pg/dbt/target/semantic_manifest.json
[0m09:56:54.584748 [debug] [MainThread]: Wrote artifact RunExecutionResult to /Users/brentondickerson/git/breathe/civic_affordability_pg/dbt/target/run_results.json
[0m09:56:54.585025 [info ] [MainThread]: 
[0m09:56:54.585387 [info ] [MainThread]: [31mCompleted with 2 errors, 0 partial successes, and 0 warnings:[0m
[0m09:56:54.585729 [info ] [MainThread]: 
[0m09:56:54.586041 [error] [MainThread]: [31mFailure in model mart_affordability_index_annual (models/marts/mart_affordability_index_annual.sql)[0m
[0m09:56:54.586413 [error] [MainThread]:   Database Error in model mart_affordability_index_annual (models/marts/mart_affordability_index_annual.sql)
  syntax error at or near ";"
  LINE 55: ORDER BY w.geo_id, w.year;
                                    ^
  compiled code at target/run/civic_affordability/models/marts/mart_affordability_index_annual.sql
[0m09:56:54.586672 [info ] [MainThread]: 
[0m09:56:54.586917 [info ] [MainThread]:   compiled code at target/compiled/civic_affordability/models/marts/mart_affordability_index_annual.sql
[0m09:56:54.587109 [info ] [MainThread]: 
[0m09:56:54.587329 [error] [MainThread]: [31mFailure in model mart_policy_events_direct (models/marts/mart_policy_events_direct.sql)[0m
[0m09:56:54.587549 [error] [MainThread]:   Database Error in model mart_policy_events_direct (models/marts/mart_policy_events_direct.sql)
  syntax error at or near ";"
  LINE 18: ORDER BY fpe.year, fpe.event_id;
                                          ^
  compiled code at target/run/civic_affordability/models/marts/mart_policy_events_direct.sql
[0m09:56:54.587724 [info ] [MainThread]: 
[0m09:56:54.587924 [info ] [MainThread]:   compiled code at target/compiled/civic_affordability/models/marts/mart_policy_events_direct.sql
[0m09:56:54.588121 [info ] [MainThread]: 
[0m09:56:54.588365 [info ] [MainThread]: Done. PASS=0 WARN=0 ERROR=2 SKIP=1 NO-OP=0 TOTAL=3
[0m09:56:54.589934 [debug] [MainThread]: Resource report: {"command_name": "run", "command_success": false, "command_wall_clock_time": 8.759309, "process_in_blocks": "0", "process_kernel_time": 0.248244, "process_mem_max_rss": "135331840", "process_out_blocks": "0", "process_user_time": 1.47877}
[0m09:56:54.590500 [debug] [MainThread]: Command `dbt run` failed at 09:56:54.590430 after 8.76 seconds
[0m09:56:54.590924 [debug] [MainThread]: Sending event: {'category': 'dbt', 'action': 'invocation', 'label': 'end', 'context': [<snowplow_tracker.self_describing_json.SelfDescribingJson object at 0x10558fc10>, <snowplow_tracker.self_describing_json.SelfDescribingJson object at 0x10558ff90>, <snowplow_tracker.self_describing_json.SelfDescribingJson object at 0x100bfd750>]}
[0m09:56:54.591225 [debug] [MainThread]: Flushing usage events
[0m09:56:54.987752 [debug] [MainThread]: An error was encountered while trying to flush usage events
[0m09:57:23.895083 [debug] [MainThread]: Sending event: {'category': 'dbt', 'action': 'invocation', 'label': 'start', 'context': [<snowplow_tracker.self_describing_json.SelfDescribingJson object at 0x1108f6950>, <snowplow_tracker.self_describing_json.SelfDescribingJson object at 0x11097dd90>, <snowplow_tracker.self_describing_json.SelfDescribingJson object at 0x11097eb10>]}


============================== 09:57:23.901796 | 3957c78d-cc38-430b-96cc-7cb868da86c9 ==============================
[0m09:57:23.901796 [info ] [MainThread]: Running with dbt=1.11.6
[0m09:57:23.902093 [debug] [MainThread]: running dbt with arguments {'no_print': 'None', 'warn_error': 'None', 'use_colors': 'True', 'write_json': 'True', 'introspect': 'True', 'quiet': 'False', 'log_format': 'default', 'cache_selected_only': 'False', 'partial_parse': 'True', 'warn_error_options': 'WarnErrorOptionsV2(error=[], warn=[], silence=[])', 'log_cache_events': 'False', 'invocation_command': 'dbt run --profiles-dir .dbt', 'fail_fast': 'False', 'version_check': 'True', 'indirect_selection': 'eager', 'profiles_dir': '.dbt', 'static_parser': 'True', 'log_path': '/Users/brentondickerson/git/breathe/civic_affordability_pg/dbt/logs', 'debug': 'False', 'use_experimental_parser': 'False', 'empty': 'False', 'target_path': 'None', 'printer_width': '80', 'send_anonymous_usage_stats': 'True'}
[0m09:57:24.005626 [debug] [MainThread]: Sending event: {'category': 'dbt', 'action': 'project_id', 'label': '3957c78d-cc38-430b-96cc-7cb868da86c9', 'context': [<snowplow_tracker.self_describing_json.SelfDescribingJson object at 0x11095b150>]}
[0m09:57:24.029983 [debug] [MainThread]: Sending event: {'category': 'dbt', 'action': 'adapter_info', 'label': '3957c78d-cc38-430b-96cc-7cb868da86c9', 'context': [<snowplow_tracker.self_describing_json.SelfDescribingJson object at 0x104993510>]}
[0m09:57:24.030607 [info ] [MainThread]: Registered adapter: postgres=1.10.0
[0m09:57:24.080000 [debug] [MainThread]: checksum: ec27062d18352e9cfca161c166fcc73d2201661a23a3cf3c89196a27f32cfcb8, vars: {}, profile: , target: , version: 1.11.6
[0m09:57:24.140102 [debug] [MainThread]: Partial parsing enabled: 0 files deleted, 0 files added, 3 files changed.
[0m09:57:24.140430 [debug] [MainThread]: Partial parsing: updated file: civic_affordability://models/marts/mart_cost_pressure_annual.sql
[0m09:57:24.140622 [debug] [MainThread]: Partial parsing: updated file: civic_affordability://models/marts/mart_policy_events_direct.sql
[0m09:57:24.140803 [debug] [MainThread]: Partial parsing: updated file: civic_affordability://models/marts/mart_affordability_index_annual.sql
[0m09:57:24.256691 [debug] [MainThread]: Sending event: {'category': 'dbt', 'action': 'load_project', 'label': '3957c78d-cc38-430b-96cc-7cb868da86c9', 'context': [<snowplow_tracker.self_describing_json.SelfDescribingJson object at 0x1119711d0>]}
[0m09:57:24.318181 [debug] [MainThread]: Wrote artifact WritableManifest to /Users/brentondickerson/git/breathe/civic_affordability_pg/dbt/target/manifest.json
[0m09:57:24.319365 [debug] [MainThread]: Wrote artifact SemanticManifest to /Users/brentondickerson/git/breathe/civic_affordability_pg/dbt/target/semantic_manifest.json
[0m09:57:24.330062 [debug] [MainThread]: Sending event: {'category': 'dbt', 'action': 'resource_counts', 'label': '3957c78d-cc38-430b-96cc-7cb868da86c9', 'context': [<snowplow_tracker.self_describing_json.SelfDescribingJson object at 0x1122ff1d0>]}
[0m09:57:24.330321 [info ] [MainThread]: Found 2 seeds, 3 models, 5 sources, 464 macros
[0m09:57:24.330488 [debug] [MainThread]: Sending event: {'category': 'dbt', 'action': 'runnable_timing', 'label': '3957c78d-cc38-430b-96cc-7cb868da86c9', 'context': [<snowplow_tracker.self_describing_json.SelfDescribingJson object at 0x11244b850>]}
[0m09:57:24.331286 [info ] [MainThread]: 
[0m09:57:24.331452 [info ] [MainThread]: Concurrency: 4 threads (target='dev')
[0m09:57:24.331583 [info ] [MainThread]: 
[0m09:57:24.331816 [debug] [MainThread]: Acquiring new postgres connection 'master'
[0m09:57:24.333458 [debug] [ThreadPool]: Acquiring new postgres connection 'list_postgres'
[0m09:57:24.356927 [debug] [ThreadPool]: Using postgres connection "list_postgres"
[0m09:57:24.357129 [debug] [ThreadPool]: On list_postgres: /* {"app": "dbt", "dbt_version": "1.11.6", "profile_name": "civic_affordability", "target_name": "dev", "connection_name": "list_postgres"} */

    select distinct nspname from pg_namespace
  
[0m09:57:24.357258 [debug] [ThreadPool]: Opening a new connection, currently in state init
[0m09:57:25.871425 [debug] [ThreadPool]: SQL status: SELECT 19 in 1.514 seconds
[0m09:57:25.873991 [debug] [ThreadPool]: On list_postgres: Close
[0m09:57:25.877308 [debug] [ThreadPool]: Re-using an available connection from the pool (formerly list_postgres, now list_postgres_analytics_analytics)
[0m09:57:25.877923 [debug] [ThreadPool]: Acquiring new postgres connection 'list_postgres_analytics'
[0m09:57:25.884030 [debug] [ThreadPool]: Using postgres connection "list_postgres_analytics_analytics"
[0m09:57:25.886349 [debug] [ThreadPool]: Using postgres connection "list_postgres_analytics"
[0m09:57:25.886628 [debug] [ThreadPool]: On list_postgres_analytics_analytics: /* {"app": "dbt", "dbt_version": "1.11.6", "profile_name": "civic_affordability", "target_name": "dev", "connection_name": "list_postgres_analytics_analytics"} */
select
      'postgres' as database,
      tablename as name,
      schemaname as schema,
      'table' as type
    from pg_tables
    where schemaname ilike 'analytics_analytics'
    union all
    select
      'postgres' as database,
      viewname as name,
      schemaname as schema,
      'view' as type
    from pg_views
    where schemaname ilike 'analytics_analytics'
    union all
    select
      'postgres' as database,
      matviewname as name,
      schemaname as schema,
      'materialized_view' as type
    from pg_matviews
    where schemaname ilike 'analytics_analytics'
  
[0m09:57:25.886905 [debug] [ThreadPool]: On list_postgres_analytics: /* {"app": "dbt", "dbt_version": "1.11.6", "profile_name": "civic_affordability", "target_name": "dev", "connection_name": "list_postgres_analytics"} */
select
      'postgres' as database,
      tablename as name,
      schemaname as schema,
      'table' as type
    from pg_tables
    where schemaname ilike 'analytics'
    union all
    select
      'postgres' as database,
      viewname as name,
      schemaname as schema,
      'view' as type
    from pg_views
    where schemaname ilike 'analytics'
    union all
    select
      'postgres' as database,
      matviewname as name,
      schemaname as schema,
      'materialized_view' as type
    from pg_matviews
    where schemaname ilike 'analytics'
  
[0m09:57:25.887141 [debug] [ThreadPool]: Opening a new connection, currently in state closed
[0m09:57:25.887365 [debug] [ThreadPool]: Opening a new connection, currently in state init
[0m09:57:27.005446 [debug] [ThreadPool]: SQL status: SELECT 3 in 1.118 seconds
[0m09:57:27.009838 [debug] [ThreadPool]: On list_postgres_analytics: ROLLBACK
[0m09:57:27.018287 [debug] [ThreadPool]: SQL status: SELECT 0 in 1.131 seconds
[0m09:57:27.021008 [debug] [ThreadPool]: On list_postgres_analytics_analytics: ROLLBACK
[0m09:57:27.120817 [debug] [ThreadPool]: On list_postgres_analytics: Close
[0m09:57:27.137549 [debug] [ThreadPool]: On list_postgres_analytics_analytics: Close
[0m09:57:27.150020 [debug] [MainThread]: Using postgres connection "master"
[0m09:57:27.150903 [debug] [MainThread]: On master: /* {"app": "dbt", "dbt_version": "1.11.6", "profile_name": "civic_affordability", "target_name": "dev", "connection_name": "master"} */
select distinct
        dependent_namespace.nspname as dependent_schema,
        dependent_class.relname as dependent_name,
        referenced_namespace.nspname as referenced_schema,
        referenced_class.relname as referenced_name

    -- Query for views: views are entries in pg_class with an entry in pg_rewrite, but we avoid
    -- a seq scan on pg_rewrite by leveraging the fact there is an "internal" row in pg_depend for
    -- the view...
    from pg_class as dependent_class
    join pg_namespace as dependent_namespace on dependent_namespace.oid = dependent_class.relnamespace
    join pg_depend as dependent_depend on dependent_depend.refobjid = dependent_class.oid
        and dependent_depend.classid = 'pg_rewrite'::regclass
        and dependent_depend.refclassid = 'pg_class'::regclass
        and dependent_depend.deptype = 'i'

    -- ... and via pg_depend (that has a row per column, hence the need for "distinct" above, and
    -- making sure to exclude the internal row to avoid a view appearing to depend on itself)...
    join pg_depend as joining_depend on joining_depend.objid = dependent_depend.objid
        and joining_depend.classid = 'pg_rewrite'::regclass
        and joining_depend.refclassid = 'pg_class'::regclass
        and joining_depend.refobjid != dependent_depend.refobjid

    -- ... we can find the tables they query from in pg_class, but excluding system tables. Note we
    -- don't need need to exclude _dependent_ system tables, because they only query from other
    -- system tables, and so are automatically excluded by excluding _referenced_ system tables
    join pg_class as referenced_class on referenced_class.oid = joining_depend.refobjid
    join pg_namespace as referenced_namespace on referenced_namespace.oid = referenced_class.relnamespace
        and referenced_namespace.nspname != 'information_schema'
        and referenced_namespace.nspname not like 'pg\_%'

    order by
        dependent_schema, dependent_name, referenced_schema, referenced_name;
[0m09:57:27.151563 [debug] [MainThread]: Opening a new connection, currently in state init
[0m09:57:28.290019 [debug] [MainThread]: SQL status: SELECT 8 in 1.138 seconds
[0m09:57:28.293169 [debug] [MainThread]: Sending event: {'category': 'dbt', 'action': 'runnable_timing', 'label': '3957c78d-cc38-430b-96cc-7cb868da86c9', 'context': [<snowplow_tracker.self_describing_json.SelfDescribingJson object at 0x112489d50>]}
[0m09:57:28.294428 [debug] [MainThread]: On master: ROLLBACK
[0m09:57:28.408371 [debug] [MainThread]: On master: COMMIT
[0m09:57:28.409916 [debug] [MainThread]: Using postgres connection "master"
[0m09:57:28.410685 [debug] [MainThread]: On master: COMMIT
[0m09:57:28.647123 [debug] [MainThread]: SQL status: COMMIT in 0.236 seconds
[0m09:57:28.648677 [debug] [MainThread]: On master: Close
[0m09:57:28.665784 [debug] [Thread-1 (]: Began running node model.civic_affordability.mart_affordability_index_annual
[0m09:57:28.666620 [debug] [Thread-2 (]: Began running node model.civic_affordability.mart_policy_events_direct
[0m09:57:28.667813 [info ] [Thread-1 (]: 1 of 3 START sql view model analytics_analytics.mart_affordability_index_annual  [RUN]
[0m09:57:28.669316 [info ] [Thread-2 (]: 2 of 3 START sql view model analytics_analytics.mart_policy_events_direct ...... [RUN]
[0m09:57:28.670101 [debug] [Thread-1 (]: Re-using an available connection from the pool (formerly list_postgres_analytics_analytics, now model.civic_affordability.mart_affordability_index_annual)
[0m09:57:28.670565 [debug] [Thread-2 (]: Re-using an available connection from the pool (formerly list_postgres_analytics, now model.civic_affordability.mart_policy_events_direct)
[0m09:57:28.670966 [debug] [Thread-1 (]: Began compiling node model.civic_affordability.mart_affordability_index_annual
[0m09:57:28.671329 [debug] [Thread-2 (]: Began compiling node model.civic_affordability.mart_policy_events_direct
[0m09:57:28.680999 [debug] [Thread-1 (]: Writing injected SQL for node "model.civic_affordability.mart_affordability_index_annual"
[0m09:57:28.683395 [debug] [Thread-2 (]: Writing injected SQL for node "model.civic_affordability.mart_policy_events_direct"
[0m09:57:28.684189 [debug] [Thread-1 (]: Began executing node model.civic_affordability.mart_affordability_index_annual
[0m09:57:28.684568 [debug] [Thread-2 (]: Began executing node model.civic_affordability.mart_policy_events_direct
[0m09:57:28.707799 [debug] [Thread-1 (]: Writing runtime sql for node "model.civic_affordability.mart_affordability_index_annual"
[0m09:57:28.709964 [debug] [Thread-2 (]: Writing runtime sql for node "model.civic_affordability.mart_policy_events_direct"
[0m09:57:28.710482 [debug] [Thread-1 (]: Using postgres connection "model.civic_affordability.mart_affordability_index_annual"
[0m09:57:28.710715 [debug] [Thread-2 (]: Using postgres connection "model.civic_affordability.mart_policy_events_direct"
[0m09:57:28.710976 [debug] [Thread-1 (]: On model.civic_affordability.mart_affordability_index_annual: /* {"app": "dbt", "dbt_version": "1.11.6", "profile_name": "civic_affordability", "target_name": "dev", "node_id": "model.civic_affordability.mart_affordability_index_annual"} */

  create view "postgres"."analytics_analytics"."mart_affordability_index_annual__dbt_tmp"
    
    
  as (
    WITH metric_values AS (
    SELECT
        fm.geo_id,
        dt.year,
        dg.state_abbrev,
        dm.metric_name,
        fm.value
    FROM "postgres"."raw"."fact_metric" fm
    JOIN "postgres"."raw"."dim_time" dt ON dt.period_id = fm.period_id
    JOIN "postgres"."raw"."dim_geo" dg ON dg.geo_id = fm.geo_id
    JOIN "postgres"."raw"."dim_metric" dm ON dm.metric_id = fm.metric_id
),
wide_values AS (
    SELECT
        geo_id,
        state_abbrev,
        year,
        MAX(CASE WHEN metric_name = 'income_real' THEN value END) AS income_real,
        MAX(CASE WHEN metric_name = 'housing_hpi' THEN value END) AS housing_hpi,
        MAX(CASE WHEN metric_name = 'healthcare_pc' THEN value END) AS healthcare_pc,
        MAX(CASE WHEN metric_name = 'childcare_annual' THEN value END) AS childcare_annual
    FROM metric_values
    GROUP BY geo_id, state_abbrev, year
),
base_values AS (
    SELECT
        geo_id,
        MAX(CASE WHEN year = 2003 THEN income_real END) AS income_base,
        MAX(CASE WHEN year = 2003 THEN housing_hpi END) AS housing_base,
        MAX(CASE WHEN year = 2003 THEN healthcare_pc END) AS healthcare_base,
        MAX(CASE WHEN year = 2003 THEN childcare_annual END) AS childcare_base
    FROM wide_values
    GROUP BY geo_id
)
SELECT
    w.geo_id,
    w.state_abbrev,
    w.year,
    w.income_real,
    w.housing_hpi,
    w.healthcare_pc,
    w.childcare_annual,
    (w.income_real / NULLIF(b.income_base, 0)) * 100.0 AS income_index,
    (w.housing_hpi / NULLIF(b.housing_base, 0)) * 100.0 AS housing_index,
    (w.healthcare_pc / NULLIF(b.healthcare_base, 0)) * 100.0 AS healthcare_index,
    (w.childcare_annual / NULLIF(b.childcare_base, 0)) * 100.0 AS childcare_index
FROM wide_values w
JOIN base_values b ON b.geo_id = w.geo_id
ORDER BY w.geo_id, w.year
  );
[0m09:57:28.711257 [debug] [Thread-2 (]: On model.civic_affordability.mart_policy_events_direct: /* {"app": "dbt", "dbt_version": "1.11.6", "profile_name": "civic_affordability", "target_name": "dev", "node_id": "model.civic_affordability.mart_policy_events_direct"} */

  create view "postgres"."analytics_analytics"."mart_policy_events_direct__dbt_tmp"
    
    
  as (
    SELECT
    fpe.event_id,
    fpe.geo_id,
    dg.state_abbrev,
    fpe.year,
    fpe.short_label,
    fpe.summary,
    fpe.category
FROM "postgres"."raw"."fact_policy_event" fpe
JOIN "postgres"."raw"."dim_geo" dg ON dg.geo_id = fpe.geo_id
WHERE fpe.impact_level = 'direct'
ORDER BY fpe.year, fpe.event_id
  );
[0m09:57:28.711473 [debug] [Thread-1 (]: Opening a new connection, currently in state closed
[0m09:57:28.711669 [debug] [Thread-2 (]: Opening a new connection, currently in state closed
[0m09:57:29.858336 [debug] [Thread-2 (]: SQL status: CREATE VIEW in 1.146 seconds
[0m09:57:29.867609 [debug] [Thread-1 (]: SQL status: CREATE VIEW in 1.156 seconds
[0m09:57:29.879292 [debug] [Thread-2 (]: Using postgres connection "model.civic_affordability.mart_policy_events_direct"
[0m09:57:29.881319 [debug] [Thread-1 (]: Using postgres connection "model.civic_affordability.mart_affordability_index_annual"
[0m09:57:29.881839 [debug] [Thread-2 (]: On model.civic_affordability.mart_policy_events_direct: /* {"app": "dbt", "dbt_version": "1.11.6", "profile_name": "civic_affordability", "target_name": "dev", "node_id": "model.civic_affordability.mart_policy_events_direct"} */
alter table "postgres"."analytics_analytics"."mart_policy_events_direct__dbt_tmp" rename to "mart_policy_events_direct"
[0m09:57:29.882245 [debug] [Thread-1 (]: On model.civic_affordability.mart_affordability_index_annual: /* {"app": "dbt", "dbt_version": "1.11.6", "profile_name": "civic_affordability", "target_name": "dev", "node_id": "model.civic_affordability.mart_affordability_index_annual"} */
alter table "postgres"."analytics_analytics"."mart_affordability_index_annual__dbt_tmp" rename to "mart_affordability_index_annual"
[0m09:57:30.017031 [debug] [Thread-2 (]: SQL status: ALTER TABLE in 0.134 seconds
[0m09:57:30.018075 [debug] [Thread-1 (]: SQL status: ALTER TABLE in 0.135 seconds
[0m09:57:30.042018 [debug] [Thread-2 (]: On model.civic_affordability.mart_policy_events_direct: COMMIT
[0m09:57:30.043522 [debug] [Thread-1 (]: On model.civic_affordability.mart_affordability_index_annual: COMMIT
[0m09:57:30.044122 [debug] [Thread-2 (]: Using postgres connection "model.civic_affordability.mart_policy_events_direct"
[0m09:57:30.044539 [debug] [Thread-1 (]: Using postgres connection "model.civic_affordability.mart_affordability_index_annual"
[0m09:57:30.044856 [debug] [Thread-2 (]: On model.civic_affordability.mart_policy_events_direct: COMMIT
[0m09:57:30.045178 [debug] [Thread-1 (]: On model.civic_affordability.mart_affordability_index_annual: COMMIT
[0m09:57:30.158260 [debug] [Thread-2 (]: SQL status: COMMIT in 0.113 seconds
[0m09:57:30.162763 [debug] [Thread-2 (]: Applying DROP to: "postgres"."analytics_analytics"."mart_policy_events_direct__dbt_backup"
[0m09:57:30.162997 [debug] [Thread-1 (]: SQL status: COMMIT in 0.117 seconds
[0m09:57:30.165616 [debug] [Thread-2 (]: Using postgres connection "model.civic_affordability.mart_policy_events_direct"
[0m09:57:30.166857 [debug] [Thread-1 (]: Applying DROP to: "postgres"."analytics_analytics"."mart_affordability_index_annual__dbt_backup"
[0m09:57:30.167049 [debug] [Thread-2 (]: On model.civic_affordability.mart_policy_events_direct: /* {"app": "dbt", "dbt_version": "1.11.6", "profile_name": "civic_affordability", "target_name": "dev", "node_id": "model.civic_affordability.mart_policy_events_direct"} */
drop view if exists "postgres"."analytics_analytics"."mart_policy_events_direct__dbt_backup" cascade
[0m09:57:30.167518 [debug] [Thread-1 (]: Using postgres connection "model.civic_affordability.mart_affordability_index_annual"
[0m09:57:30.167755 [debug] [Thread-1 (]: On model.civic_affordability.mart_affordability_index_annual: /* {"app": "dbt", "dbt_version": "1.11.6", "profile_name": "civic_affordability", "target_name": "dev", "node_id": "model.civic_affordability.mart_affordability_index_annual"} */
drop view if exists "postgres"."analytics_analytics"."mart_affordability_index_annual__dbt_backup" cascade
[0m09:57:30.290931 [debug] [Thread-2 (]: SQL status: DROP VIEW in 0.123 seconds
[0m09:57:30.291393 [debug] [Thread-1 (]: SQL status: DROP VIEW in 0.123 seconds
[0m09:57:30.294902 [debug] [Thread-2 (]: On model.civic_affordability.mart_policy_events_direct: Close
[0m09:57:30.296200 [debug] [Thread-1 (]: On model.civic_affordability.mart_affordability_index_annual: Close
[0m09:57:30.299654 [debug] [Thread-2 (]: Sending event: {'category': 'dbt', 'action': 'run_model', 'label': '3957c78d-cc38-430b-96cc-7cb868da86c9', 'context': [<snowplow_tracker.self_describing_json.SelfDescribingJson object at 0x11318ef10>]}
[0m09:57:30.299957 [debug] [Thread-1 (]: Sending event: {'category': 'dbt', 'action': 'run_model', 'label': '3957c78d-cc38-430b-96cc-7cb868da86c9', 'context': [<snowplow_tracker.self_describing_json.SelfDescribingJson object at 0x1119e7fd0>]}
[0m09:57:30.300571 [info ] [Thread-2 (]: 2 of 3 OK created sql view model analytics_analytics.mart_policy_events_direct . [[32mCREATE VIEW[0m in 1.63s]
[0m09:57:30.301097 [info ] [Thread-1 (]: 1 of 3 OK created sql view model analytics_analytics.mart_affordability_index_annual  [[32mCREATE VIEW[0m in 1.63s]
[0m09:57:30.301591 [debug] [Thread-2 (]: Finished running node model.civic_affordability.mart_policy_events_direct
[0m09:57:30.301969 [debug] [Thread-1 (]: Finished running node model.civic_affordability.mart_affordability_index_annual
[0m09:57:30.302844 [debug] [Thread-4 (]: Began running node model.civic_affordability.mart_cost_pressure_annual
[0m09:57:30.303282 [info ] [Thread-4 (]: 3 of 3 START sql view model analytics_analytics.mart_cost_pressure_annual ...... [RUN]
[0m09:57:30.303665 [debug] [Thread-4 (]: Acquiring new postgres connection 'model.civic_affordability.mart_cost_pressure_annual'
[0m09:57:30.303931 [debug] [Thread-4 (]: Began compiling node model.civic_affordability.mart_cost_pressure_annual
[0m09:57:30.306339 [debug] [Thread-4 (]: Writing injected SQL for node "model.civic_affordability.mart_cost_pressure_annual"
[0m09:57:30.306853 [debug] [Thread-4 (]: Began executing node model.civic_affordability.mart_cost_pressure_annual
[0m09:57:30.309449 [debug] [Thread-4 (]: Writing runtime sql for node "model.civic_affordability.mart_cost_pressure_annual"
[0m09:57:30.309872 [debug] [Thread-4 (]: Using postgres connection "model.civic_affordability.mart_cost_pressure_annual"
[0m09:57:30.310120 [debug] [Thread-4 (]: On model.civic_affordability.mart_cost_pressure_annual: /* {"app": "dbt", "dbt_version": "1.11.6", "profile_name": "civic_affordability", "target_name": "dev", "node_id": "model.civic_affordability.mart_cost_pressure_annual"} */

  create view "postgres"."analytics_analytics"."mart_cost_pressure_annual__dbt_tmp"
    
    
  as (
    WITH affordability AS (
    SELECT * FROM "postgres"."analytics_analytics"."mart_affordability_index_annual"
)
SELECT
    geo_id,
    state_abbrev,
    year,
    (housing_index + healthcare_index + childcare_index) / 3.0 AS cost_pressure_index,
    ((housing_index + healthcare_index + childcare_index) / 3.0) - income_index AS affordability_gap_index
FROM affordability
ORDER BY geo_id, year
  );
[0m09:57:30.310361 [debug] [Thread-4 (]: Opening a new connection, currently in state init
[0m09:57:31.446063 [debug] [Thread-4 (]: SQL status: CREATE VIEW in 1.135 seconds
[0m09:57:31.452145 [debug] [Thread-4 (]: Using postgres connection "model.civic_affordability.mart_cost_pressure_annual"
[0m09:57:31.452525 [debug] [Thread-4 (]: On model.civic_affordability.mart_cost_pressure_annual: /* {"app": "dbt", "dbt_version": "1.11.6", "profile_name": "civic_affordability", "target_name": "dev", "node_id": "model.civic_affordability.mart_cost_pressure_annual"} */
alter table "postgres"."analytics_analytics"."mart_cost_pressure_annual__dbt_tmp" rename to "mart_cost_pressure_annual"
[0m09:57:31.576053 [debug] [Thread-4 (]: SQL status: ALTER TABLE in 0.123 seconds
[0m09:57:31.579050 [debug] [Thread-4 (]: On model.civic_affordability.mart_cost_pressure_annual: COMMIT
[0m09:57:31.579671 [debug] [Thread-4 (]: Using postgres connection "model.civic_affordability.mart_cost_pressure_annual"
[0m09:57:31.580096 [debug] [Thread-4 (]: On model.civic_affordability.mart_cost_pressure_annual: COMMIT
[0m09:57:31.691010 [debug] [Thread-4 (]: SQL status: COMMIT in 0.110 seconds
[0m09:57:31.696469 [debug] [Thread-4 (]: Applying DROP to: "postgres"."analytics_analytics"."mart_cost_pressure_annual__dbt_backup"
[0m09:57:31.697621 [debug] [Thread-4 (]: Using postgres connection "model.civic_affordability.mart_cost_pressure_annual"
[0m09:57:31.698031 [debug] [Thread-4 (]: On model.civic_affordability.mart_cost_pressure_annual: /* {"app": "dbt", "dbt_version": "1.11.6", "profile_name": "civic_affordability", "target_name": "dev", "node_id": "model.civic_affordability.mart_cost_pressure_annual"} */
drop view if exists "postgres"."analytics_analytics"."mart_cost_pressure_annual__dbt_backup" cascade
[0m09:57:31.836322 [debug] [Thread-4 (]: SQL status: DROP VIEW in 0.137 seconds
[0m09:57:31.839908 [debug] [Thread-4 (]: On model.civic_affordability.mart_cost_pressure_annual: Close
[0m09:57:31.842191 [debug] [Thread-4 (]: Sending event: {'category': 'dbt', 'action': 'run_model', 'label': '3957c78d-cc38-430b-96cc-7cb868da86c9', 'context': [<snowplow_tracker.self_describing_json.SelfDescribingJson object at 0x11303f710>]}
[0m09:57:31.844294 [info ] [Thread-4 (]: 3 of 3 OK created sql view model analytics_analytics.mart_cost_pressure_annual . [[32mCREATE VIEW[0m in 1.54s]
[0m09:57:31.845584 [debug] [Thread-4 (]: Finished running node model.civic_affordability.mart_cost_pressure_annual
[0m09:57:31.850314 [debug] [MainThread]: On master: COMMIT
[0m09:57:31.850927 [debug] [MainThread]: Using postgres connection "master"
[0m09:57:31.851536 [debug] [MainThread]: On master: COMMIT
[0m09:57:31.851954 [debug] [MainThread]: Opening a new connection, currently in state closed
[0m09:57:32.933218 [debug] [MainThread]: SQL status: COMMIT in 1.081 seconds
[0m09:57:32.934623 [debug] [MainThread]: On master: Close
[0m09:57:32.936079 [debug] [MainThread]: Connection 'master' was properly closed.
[0m09:57:32.936604 [debug] [MainThread]: Connection 'model.civic_affordability.mart_affordability_index_annual' was properly closed.
[0m09:57:32.937038 [debug] [MainThread]: Connection 'model.civic_affordability.mart_policy_events_direct' was properly closed.
[0m09:57:32.937455 [debug] [MainThread]: Connection 'model.civic_affordability.mart_cost_pressure_annual' was properly closed.
[0m09:57:32.938286 [info ] [MainThread]: 
[0m09:57:32.939196 [info ] [MainThread]: Finished running 3 view models in 0 hours 0 minutes and 8.61 seconds (8.61s).
[0m09:57:32.941724 [debug] [MainThread]: Command end result
[0m09:57:32.970706 [debug] [MainThread]: Wrote artifact WritableManifest to /Users/brentondickerson/git/breathe/civic_affordability_pg/dbt/target/manifest.json
[0m09:57:32.973233 [debug] [MainThread]: Wrote artifact SemanticManifest to /Users/brentondickerson/git/breathe/civic_affordability_pg/dbt/target/semantic_manifest.json
[0m09:57:32.978033 [debug] [MainThread]: Wrote artifact RunExecutionResult to /Users/brentondickerson/git/breathe/civic_affordability_pg/dbt/target/run_results.json
[0m09:57:32.978256 [info ] [MainThread]: 
[0m09:57:32.978511 [info ] [MainThread]: [32mCompleted successfully[0m
[0m09:57:32.978701 [info ] [MainThread]: 
[0m09:57:32.978937 [info ] [MainThread]: Done. PASS=3 WARN=0 ERROR=0 SKIP=0 NO-OP=0 TOTAL=3
[0m09:57:32.980752 [debug] [MainThread]: Resource report: {"command_name": "run", "command_success": true, "command_wall_clock_time": 9.127376, "process_in_blocks": "0", "process_kernel_time": 0.219552, "process_mem_max_rss": "135086080", "process_out_blocks": "0", "process_user_time": 1.232875}
[0m09:57:32.981388 [debug] [MainThread]: Command `dbt run` succeeded at 09:57:32.981279 after 9.13 seconds
[0m09:57:32.981883 [debug] [MainThread]: Sending event: {'category': 'dbt', 'action': 'invocation', 'label': 'end', 'context': [<snowplow_tracker.self_describing_json.SelfDescribingJson object at 0x1013b7c50>, <snowplow_tracker.self_describing_json.SelfDescribingJson object at 0x11097e490>, <snowplow_tracker.self_describing_json.SelfDescribingJson object at 0x10104da90>]}
[0m09:57:32.982153 [debug] [MainThread]: Flushing usage events
[0m09:57:33.451969 [debug] [MainThread]: An error was encountered while trying to flush usage events
[0m09:57:56.602770 [debug] [MainThread]: Sending event: {'category': 'dbt', 'action': 'invocation', 'label': 'start', 'context': [<snowplow_tracker.self_describing_json.SelfDescribingJson object at 0x1051b7510>, <snowplow_tracker.self_describing_json.SelfDescribingJson object at 0x105239a90>, <snowplow_tracker.self_describing_json.SelfDescribingJson object at 0x10523a850>]}


============================== 09:57:56.605906 | b828fc4c-9fd0-49c2-93ed-2b3a3188560f ==============================
[0m09:57:56.605906 [info ] [MainThread]: Running with dbt=1.11.6
[0m09:57:56.606235 [debug] [MainThread]: running dbt with arguments {'warn_error': 'None', 'debug': 'False', 'use_colors': 'True', 'use_experimental_parser': 'False', 'log_path': '/Users/brentondickerson/git/breathe/civic_affordability_pg/dbt/logs', 'introspect': 'True', 'invocation_command': 'dbt run --profiles-dir .dbt', 'log_format': 'default', 'warn_error_options': 'WarnErrorOptionsV2(error=[], warn=[], silence=[])', 'fail_fast': 'False', 'no_print': 'None', 'send_anonymous_usage_stats': 'True', 'quiet': 'False', 'target_path': 'None', 'partial_parse': 'True', 'empty': 'False', 'log_cache_events': 'False', 'profiles_dir': '.dbt', 'version_check': 'True', 'cache_selected_only': 'False', 'static_parser': 'True', 'write_json': 'True', 'printer_width': '80', 'indirect_selection': 'eager'}
[0m09:57:56.690238 [debug] [MainThread]: Sending event: {'category': 'dbt', 'action': 'project_id', 'label': 'b828fc4c-9fd0-49c2-93ed-2b3a3188560f', 'context': [<snowplow_tracker.self_describing_json.SelfDescribingJson object at 0x105e66150>]}
[0m09:57:56.716365 [debug] [MainThread]: Sending event: {'category': 'dbt', 'action': 'adapter_info', 'label': 'b828fc4c-9fd0-49c2-93ed-2b3a3188560f', 'context': [<snowplow_tracker.self_describing_json.SelfDescribingJson object at 0x1024a7350>]}
[0m09:57:56.717026 [info ] [MainThread]: Registered adapter: postgres=1.10.0
[0m09:57:56.769847 [debug] [MainThread]: checksum: ec27062d18352e9cfca161c166fcc73d2201661a23a3cf3c89196a27f32cfcb8, vars: {}, profile: , target: , version: 1.11.6
[0m09:57:56.813198 [info ] [MainThread]: Unable to do partial parsing because a project config has changed
[0m09:57:56.813554 [debug] [MainThread]: Sending event: {'category': 'dbt', 'action': 'partial_parser', 'label': 'b828fc4c-9fd0-49c2-93ed-2b3a3188560f', 'context': [<snowplow_tracker.self_describing_json.SelfDescribingJson object at 0x1043a5310>]}
[0m09:57:57.317716 [debug] [MainThread]: Sending event: {'category': 'dbt', 'action': 'load_project', 'label': 'b828fc4c-9fd0-49c2-93ed-2b3a3188560f', 'context': [<snowplow_tracker.self_describing_json.SelfDescribingJson object at 0x1064a4090>]}
[0m09:57:57.350724 [debug] [MainThread]: Wrote artifact WritableManifest to /Users/brentondickerson/git/breathe/civic_affordability_pg/dbt/target/manifest.json
[0m09:57:57.351723 [debug] [MainThread]: Wrote artifact SemanticManifest to /Users/brentondickerson/git/breathe/civic_affordability_pg/dbt/target/semantic_manifest.json
[0m09:57:57.362528 [debug] [MainThread]: Sending event: {'category': 'dbt', 'action': 'resource_counts', 'label': 'b828fc4c-9fd0-49c2-93ed-2b3a3188560f', 'context': [<snowplow_tracker.self_describing_json.SelfDescribingJson object at 0x1066c4710>]}
[0m09:57:57.362794 [info ] [MainThread]: Found 3 models, 2 seeds, 5 sources, 464 macros
[0m09:57:57.362953 [debug] [MainThread]: Sending event: {'category': 'dbt', 'action': 'runnable_timing', 'label': 'b828fc4c-9fd0-49c2-93ed-2b3a3188560f', 'context': [<snowplow_tracker.self_describing_json.SelfDescribingJson object at 0x1063e8490>]}
[0m09:57:57.363916 [info ] [MainThread]: 
[0m09:57:57.364113 [info ] [MainThread]: Concurrency: 4 threads (target='dev')
[0m09:57:57.364253 [info ] [MainThread]: 
[0m09:57:57.364476 [debug] [MainThread]: Acquiring new postgres connection 'master'
[0m09:57:57.366202 [debug] [ThreadPool]: Acquiring new postgres connection 'list_postgres'
[0m09:57:57.388551 [debug] [ThreadPool]: Using postgres connection "list_postgres"
[0m09:57:57.388785 [debug] [ThreadPool]: On list_postgres: /* {"app": "dbt", "dbt_version": "1.11.6", "profile_name": "civic_affordability", "target_name": "dev", "connection_name": "list_postgres"} */

    select distinct nspname from pg_namespace
  
[0m09:57:57.388973 [debug] [ThreadPool]: Opening a new connection, currently in state init
[0m09:57:58.621510 [debug] [ThreadPool]: SQL status: SELECT 19 in 1.232 seconds
[0m09:57:58.623835 [debug] [ThreadPool]: On list_postgres: Close
[0m09:57:58.626199 [debug] [ThreadPool]: Re-using an available connection from the pool (formerly list_postgres, now list_postgres_analytics)
[0m09:57:58.632601 [debug] [ThreadPool]: Using postgres connection "list_postgres_analytics"
[0m09:57:58.633011 [debug] [ThreadPool]: On list_postgres_analytics: /* {"app": "dbt", "dbt_version": "1.11.6", "profile_name": "civic_affordability", "target_name": "dev", "connection_name": "list_postgres_analytics"} */
select
      'postgres' as database,
      tablename as name,
      schemaname as schema,
      'table' as type
    from pg_tables
    where schemaname ilike 'analytics'
    union all
    select
      'postgres' as database,
      viewname as name,
      schemaname as schema,
      'view' as type
    from pg_views
    where schemaname ilike 'analytics'
    union all
    select
      'postgres' as database,
      matviewname as name,
      schemaname as schema,
      'materialized_view' as type
    from pg_matviews
    where schemaname ilike 'analytics'
  
[0m09:57:58.633358 [debug] [ThreadPool]: Opening a new connection, currently in state closed
[0m09:57:59.762234 [debug] [ThreadPool]: SQL status: SELECT 3 in 1.128 seconds
[0m09:57:59.766914 [debug] [ThreadPool]: On list_postgres_analytics: ROLLBACK
[0m09:57:59.875698 [debug] [ThreadPool]: On list_postgres_analytics: Close
[0m09:57:59.891641 [debug] [MainThread]: Using postgres connection "master"
[0m09:57:59.893998 [debug] [MainThread]: On master: /* {"app": "dbt", "dbt_version": "1.11.6", "profile_name": "civic_affordability", "target_name": "dev", "connection_name": "master"} */
select distinct
        dependent_namespace.nspname as dependent_schema,
        dependent_class.relname as dependent_name,
        referenced_namespace.nspname as referenced_schema,
        referenced_class.relname as referenced_name

    -- Query for views: views are entries in pg_class with an entry in pg_rewrite, but we avoid
    -- a seq scan on pg_rewrite by leveraging the fact there is an "internal" row in pg_depend for
    -- the view...
    from pg_class as dependent_class
    join pg_namespace as dependent_namespace on dependent_namespace.oid = dependent_class.relnamespace
    join pg_depend as dependent_depend on dependent_depend.refobjid = dependent_class.oid
        and dependent_depend.classid = 'pg_rewrite'::regclass
        and dependent_depend.refclassid = 'pg_class'::regclass
        and dependent_depend.deptype = 'i'

    -- ... and via pg_depend (that has a row per column, hence the need for "distinct" above, and
    -- making sure to exclude the internal row to avoid a view appearing to depend on itself)...
    join pg_depend as joining_depend on joining_depend.objid = dependent_depend.objid
        and joining_depend.classid = 'pg_rewrite'::regclass
        and joining_depend.refclassid = 'pg_class'::regclass
        and joining_depend.refobjid != dependent_depend.refobjid

    -- ... we can find the tables they query from in pg_class, but excluding system tables. Note we
    -- don't need need to exclude _dependent_ system tables, because they only query from other
    -- system tables, and so are automatically excluded by excluding _referenced_ system tables
    join pg_class as referenced_class on referenced_class.oid = joining_depend.refobjid
    join pg_namespace as referenced_namespace on referenced_namespace.oid = referenced_class.relnamespace
        and referenced_namespace.nspname != 'information_schema'
        and referenced_namespace.nspname not like 'pg\_%'

    order by
        dependent_schema, dependent_name, referenced_schema, referenced_name;
[0m09:57:59.895011 [debug] [MainThread]: Opening a new connection, currently in state init
[0m09:58:00.979090 [debug] [MainThread]: SQL status: SELECT 15 in 1.084 seconds
[0m09:58:00.983800 [debug] [MainThread]: Sending event: {'category': 'dbt', 'action': 'runnable_timing', 'label': 'b828fc4c-9fd0-49c2-93ed-2b3a3188560f', 'context': [<snowplow_tracker.self_describing_json.SelfDescribingJson object at 0x106575a50>]}
[0m09:58:00.985184 [debug] [MainThread]: On master: ROLLBACK
[0m09:58:01.095612 [debug] [MainThread]: On master: COMMIT
[0m09:58:01.096286 [debug] [MainThread]: Using postgres connection "master"
[0m09:58:01.096570 [debug] [MainThread]: On master: COMMIT
[0m09:58:01.316475 [debug] [MainThread]: SQL status: COMMIT in 0.219 seconds
[0m09:58:01.317672 [debug] [MainThread]: On master: Close
[0m09:58:01.331577 [debug] [Thread-1 (]: Began running node model.civic_affordability.mart_affordability_index_annual
[0m09:58:01.332091 [debug] [Thread-2 (]: Began running node model.civic_affordability.mart_policy_events_direct
[0m09:58:01.333058 [info ] [Thread-1 (]: 1 of 3 START sql view model analytics.mart_affordability_index_annual .......... [RUN]
[0m09:58:01.334039 [info ] [Thread-2 (]: 2 of 3 START sql view model analytics.mart_policy_events_direct ................ [RUN]
[0m09:58:01.335304 [debug] [Thread-1 (]: Re-using an available connection from the pool (formerly list_postgres_analytics, now model.civic_affordability.mart_affordability_index_annual)
[0m09:58:01.335822 [debug] [Thread-2 (]: Acquiring new postgres connection 'model.civic_affordability.mart_policy_events_direct'
[0m09:58:01.336247 [debug] [Thread-1 (]: Began compiling node model.civic_affordability.mart_affordability_index_annual
[0m09:58:01.336630 [debug] [Thread-2 (]: Began compiling node model.civic_affordability.mart_policy_events_direct
[0m09:58:01.347137 [debug] [Thread-1 (]: Writing injected SQL for node "model.civic_affordability.mart_affordability_index_annual"
[0m09:58:01.349718 [debug] [Thread-2 (]: Writing injected SQL for node "model.civic_affordability.mart_policy_events_direct"
[0m09:58:01.353300 [debug] [Thread-2 (]: Began executing node model.civic_affordability.mart_policy_events_direct
[0m09:58:01.380797 [debug] [Thread-1 (]: Began executing node model.civic_affordability.mart_affordability_index_annual
[0m09:58:01.488060 [debug] [Thread-1 (]: Writing runtime sql for node "model.civic_affordability.mart_affordability_index_annual"
[0m09:58:01.489234 [debug] [Thread-2 (]: Writing runtime sql for node "model.civic_affordability.mart_policy_events_direct"
[0m09:58:01.489679 [debug] [Thread-2 (]: Using postgres connection "model.civic_affordability.mart_policy_events_direct"
[0m09:58:01.489857 [debug] [Thread-1 (]: Using postgres connection "model.civic_affordability.mart_affordability_index_annual"
[0m09:58:01.490034 [debug] [Thread-2 (]: On model.civic_affordability.mart_policy_events_direct: /* {"app": "dbt", "dbt_version": "1.11.6", "profile_name": "civic_affordability", "target_name": "dev", "node_id": "model.civic_affordability.mart_policy_events_direct"} */

  create view "postgres"."analytics"."mart_policy_events_direct__dbt_tmp"
    
    
  as (
    SELECT
    fpe.event_id,
    fpe.geo_id,
    dg.state_abbrev,
    fpe.year,
    fpe.short_label,
    fpe.summary,
    fpe.category
FROM "postgres"."raw"."fact_policy_event" fpe
JOIN "postgres"."raw"."dim_geo" dg ON dg.geo_id = fpe.geo_id
WHERE fpe.impact_level = 'direct'
ORDER BY fpe.year, fpe.event_id
  );
[0m09:58:01.490252 [debug] [Thread-1 (]: On model.civic_affordability.mart_affordability_index_annual: /* {"app": "dbt", "dbt_version": "1.11.6", "profile_name": "civic_affordability", "target_name": "dev", "node_id": "model.civic_affordability.mart_affordability_index_annual"} */

  create view "postgres"."analytics"."mart_affordability_index_annual__dbt_tmp"
    
    
  as (
    WITH metric_values AS (
    SELECT
        fm.geo_id,
        dt.year,
        dg.state_abbrev,
        dm.metric_name,
        fm.value
    FROM "postgres"."raw"."fact_metric" fm
    JOIN "postgres"."raw"."dim_time" dt ON dt.period_id = fm.period_id
    JOIN "postgres"."raw"."dim_geo" dg ON dg.geo_id = fm.geo_id
    JOIN "postgres"."raw"."dim_metric" dm ON dm.metric_id = fm.metric_id
),
wide_values AS (
    SELECT
        geo_id,
        state_abbrev,
        year,
        MAX(CASE WHEN metric_name = 'income_real' THEN value END) AS income_real,
        MAX(CASE WHEN metric_name = 'housing_hpi' THEN value END) AS housing_hpi,
        MAX(CASE WHEN metric_name = 'healthcare_pc' THEN value END) AS healthcare_pc,
        MAX(CASE WHEN metric_name = 'childcare_annual' THEN value END) AS childcare_annual
    FROM metric_values
    GROUP BY geo_id, state_abbrev, year
),
base_values AS (
    SELECT
        geo_id,
        MAX(CASE WHEN year = 2003 THEN income_real END) AS income_base,
        MAX(CASE WHEN year = 2003 THEN housing_hpi END) AS housing_base,
        MAX(CASE WHEN year = 2003 THEN healthcare_pc END) AS healthcare_base,
        MAX(CASE WHEN year = 2003 THEN childcare_annual END) AS childcare_base
    FROM wide_values
    GROUP BY geo_id
)
SELECT
    w.geo_id,
    w.state_abbrev,
    w.year,
    w.income_real,
    w.housing_hpi,
    w.healthcare_pc,
    w.childcare_annual,
    (w.income_real / NULLIF(b.income_base, 0)) * 100.0 AS income_index,
    (w.housing_hpi / NULLIF(b.housing_base, 0)) * 100.0 AS housing_index,
    (w.healthcare_pc / NULLIF(b.healthcare_base, 0)) * 100.0 AS healthcare_index,
    (w.childcare_annual / NULLIF(b.childcare_base, 0)) * 100.0 AS childcare_index
FROM wide_values w
JOIN base_values b ON b.geo_id = w.geo_id
ORDER BY w.geo_id, w.year
  );
[0m09:58:01.490519 [debug] [Thread-2 (]: Opening a new connection, currently in state init
[0m09:58:01.490720 [debug] [Thread-1 (]: Opening a new connection, currently in state closed
[0m09:58:02.588259 [debug] [Thread-1 (]: SQL status: CREATE VIEW in 1.097 seconds
[0m09:58:02.597622 [debug] [Thread-2 (]: SQL status: CREATE VIEW in 1.107 seconds
[0m09:58:02.599194 [debug] [Thread-1 (]: Using postgres connection "model.civic_affordability.mart_affordability_index_annual"
[0m09:58:02.603415 [debug] [Thread-2 (]: Using postgres connection "model.civic_affordability.mart_policy_events_direct"
[0m09:58:02.604014 [debug] [Thread-1 (]: On model.civic_affordability.mart_affordability_index_annual: /* {"app": "dbt", "dbt_version": "1.11.6", "profile_name": "civic_affordability", "target_name": "dev", "node_id": "model.civic_affordability.mart_affordability_index_annual"} */
alter table "postgres"."analytics"."mart_affordability_index_annual" rename to "mart_affordability_index_annual__dbt_backup"
[0m09:58:02.604330 [debug] [Thread-2 (]: On model.civic_affordability.mart_policy_events_direct: /* {"app": "dbt", "dbt_version": "1.11.6", "profile_name": "civic_affordability", "target_name": "dev", "node_id": "model.civic_affordability.mart_policy_events_direct"} */
alter table "postgres"."analytics"."mart_policy_events_direct" rename to "mart_policy_events_direct__dbt_backup"
[0m09:58:02.723387 [debug] [Thread-1 (]: SQL status: ALTER TABLE in 0.118 seconds
[0m09:58:02.732237 [debug] [Thread-2 (]: SQL status: ALTER TABLE in 0.127 seconds
[0m09:58:02.737290 [debug] [Thread-2 (]: Using postgres connection "model.civic_affordability.mart_policy_events_direct"
[0m09:58:02.737808 [debug] [Thread-1 (]: Using postgres connection "model.civic_affordability.mart_affordability_index_annual"
[0m09:58:02.738120 [debug] [Thread-2 (]: On model.civic_affordability.mart_policy_events_direct: /* {"app": "dbt", "dbt_version": "1.11.6", "profile_name": "civic_affordability", "target_name": "dev", "node_id": "model.civic_affordability.mart_policy_events_direct"} */
alter table "postgres"."analytics"."mart_policy_events_direct__dbt_tmp" rename to "mart_policy_events_direct"
[0m09:58:02.738360 [debug] [Thread-1 (]: On model.civic_affordability.mart_affordability_index_annual: /* {"app": "dbt", "dbt_version": "1.11.6", "profile_name": "civic_affordability", "target_name": "dev", "node_id": "model.civic_affordability.mart_affordability_index_annual"} */
alter table "postgres"."analytics"."mart_affordability_index_annual__dbt_tmp" rename to "mart_affordability_index_annual"
[0m09:58:02.852202 [debug] [Thread-1 (]: SQL status: ALTER TABLE in 0.113 seconds
[0m09:58:02.861815 [debug] [Thread-2 (]: SQL status: ALTER TABLE in 0.123 seconds
[0m09:58:02.884305 [debug] [Thread-1 (]: On model.civic_affordability.mart_affordability_index_annual: COMMIT
[0m09:58:02.885622 [debug] [Thread-2 (]: On model.civic_affordability.mart_policy_events_direct: COMMIT
[0m09:58:02.886061 [debug] [Thread-1 (]: Using postgres connection "model.civic_affordability.mart_affordability_index_annual"
[0m09:58:02.886391 [debug] [Thread-2 (]: Using postgres connection "model.civic_affordability.mart_policy_events_direct"
[0m09:58:02.886627 [debug] [Thread-1 (]: On model.civic_affordability.mart_affordability_index_annual: COMMIT
[0m09:58:02.886847 [debug] [Thread-2 (]: On model.civic_affordability.mart_policy_events_direct: COMMIT
[0m09:58:03.001838 [debug] [Thread-1 (]: SQL status: COMMIT in 0.114 seconds
[0m09:58:03.015259 [debug] [Thread-1 (]: Applying DROP to: "postgres"."analytics"."mart_affordability_index_annual__dbt_backup"
[0m09:58:03.022460 [debug] [Thread-1 (]: Using postgres connection "model.civic_affordability.mart_affordability_index_annual"
[0m09:58:03.023065 [debug] [Thread-1 (]: On model.civic_affordability.mart_affordability_index_annual: /* {"app": "dbt", "dbt_version": "1.11.6", "profile_name": "civic_affordability", "target_name": "dev", "node_id": "model.civic_affordability.mart_affordability_index_annual"} */
drop view if exists "postgres"."analytics"."mart_affordability_index_annual__dbt_backup" cascade
[0m09:58:03.090707 [debug] [Thread-2 (]: SQL status: COMMIT in 0.203 seconds
[0m09:58:03.095641 [debug] [Thread-2 (]: Applying DROP to: "postgres"."analytics"."mart_policy_events_direct__dbt_backup"
[0m09:58:03.096896 [debug] [Thread-2 (]: Using postgres connection "model.civic_affordability.mart_policy_events_direct"
[0m09:58:03.097365 [debug] [Thread-2 (]: On model.civic_affordability.mart_policy_events_direct: /* {"app": "dbt", "dbt_version": "1.11.6", "profile_name": "civic_affordability", "target_name": "dev", "node_id": "model.civic_affordability.mart_policy_events_direct"} */
drop view if exists "postgres"."analytics"."mart_policy_events_direct__dbt_backup" cascade
[0m09:58:03.143312 [debug] [Thread-1 (]: SQL status: DROP VIEW in 0.119 seconds
[0m09:58:03.150004 [debug] [Thread-1 (]: On model.civic_affordability.mart_affordability_index_annual: Close
[0m09:58:03.155987 [debug] [Thread-1 (]: Sending event: {'category': 'dbt', 'action': 'run_model', 'label': 'b828fc4c-9fd0-49c2-93ed-2b3a3188560f', 'context': [<snowplow_tracker.self_describing_json.SelfDescribingJson object at 0x1064f6e90>]}
[0m09:58:03.158080 [info ] [Thread-1 (]: 1 of 3 OK created sql view model analytics.mart_affordability_index_annual ..... [[32mCREATE VIEW[0m in 1.82s]
[0m09:58:03.159903 [debug] [Thread-1 (]: Finished running node model.civic_affordability.mart_affordability_index_annual
[0m09:58:03.161606 [debug] [Thread-4 (]: Began running node model.civic_affordability.mart_cost_pressure_annual
[0m09:58:03.162373 [info ] [Thread-4 (]: 3 of 3 START sql view model analytics.mart_cost_pressure_annual ................ [RUN]
[0m09:58:03.163089 [debug] [Thread-4 (]: Acquiring new postgres connection 'model.civic_affordability.mart_cost_pressure_annual'
[0m09:58:03.163481 [debug] [Thread-4 (]: Began compiling node model.civic_affordability.mart_cost_pressure_annual
[0m09:58:03.168933 [debug] [Thread-4 (]: Writing injected SQL for node "model.civic_affordability.mart_cost_pressure_annual"
[0m09:58:03.169643 [debug] [Thread-4 (]: Began executing node model.civic_affordability.mart_cost_pressure_annual
[0m09:58:03.172795 [debug] [Thread-4 (]: Writing runtime sql for node "model.civic_affordability.mart_cost_pressure_annual"
[0m09:58:03.173366 [debug] [Thread-4 (]: Using postgres connection "model.civic_affordability.mart_cost_pressure_annual"
[0m09:58:03.173693 [debug] [Thread-4 (]: On model.civic_affordability.mart_cost_pressure_annual: /* {"app": "dbt", "dbt_version": "1.11.6", "profile_name": "civic_affordability", "target_name": "dev", "node_id": "model.civic_affordability.mart_cost_pressure_annual"} */

  create view "postgres"."analytics"."mart_cost_pressure_annual__dbt_tmp"
    
    
  as (
    WITH affordability AS (
    SELECT * FROM "postgres"."analytics"."mart_affordability_index_annual"
)
SELECT
    geo_id,
    state_abbrev,
    year,
    (housing_index + healthcare_index + childcare_index) / 3.0 AS cost_pressure_index,
    ((housing_index + healthcare_index + childcare_index) / 3.0) - income_index AS affordability_gap_index
FROM affordability
ORDER BY geo_id, year
  );
[0m09:58:03.174015 [debug] [Thread-4 (]: Opening a new connection, currently in state init
[0m09:58:03.214112 [debug] [Thread-2 (]: SQL status: DROP VIEW in 0.116 seconds
[0m09:58:03.215599 [debug] [Thread-2 (]: On model.civic_affordability.mart_policy_events_direct: Close
[0m09:58:03.216466 [debug] [Thread-2 (]: Sending event: {'category': 'dbt', 'action': 'run_model', 'label': 'b828fc4c-9fd0-49c2-93ed-2b3a3188560f', 'context': [<snowplow_tracker.self_describing_json.SelfDescribingJson object at 0x1062b9c10>]}
[0m09:58:03.217058 [info ] [Thread-2 (]: 2 of 3 OK created sql view model analytics.mart_policy_events_direct ........... [[32mCREATE VIEW[0m in 1.88s]
[0m09:58:03.217531 [debug] [Thread-2 (]: Finished running node model.civic_affordability.mart_policy_events_direct
[0m09:58:04.468700 [debug] [Thread-4 (]: SQL status: CREATE VIEW in 1.293 seconds
[0m09:58:04.481915 [debug] [Thread-4 (]: Using postgres connection "model.civic_affordability.mart_cost_pressure_annual"
[0m09:58:04.482726 [debug] [Thread-4 (]: On model.civic_affordability.mart_cost_pressure_annual: /* {"app": "dbt", "dbt_version": "1.11.6", "profile_name": "civic_affordability", "target_name": "dev", "node_id": "model.civic_affordability.mart_cost_pressure_annual"} */
alter table "postgres"."analytics"."mart_cost_pressure_annual__dbt_tmp" rename to "mart_cost_pressure_annual"
[0m09:58:04.602079 [debug] [Thread-4 (]: SQL status: ALTER TABLE in 0.118 seconds
[0m09:58:04.606095 [debug] [Thread-4 (]: On model.civic_affordability.mart_cost_pressure_annual: COMMIT
[0m09:58:04.606938 [debug] [Thread-4 (]: Using postgres connection "model.civic_affordability.mart_cost_pressure_annual"
[0m09:58:04.607662 [debug] [Thread-4 (]: On model.civic_affordability.mart_cost_pressure_annual: COMMIT
[0m09:58:04.732659 [debug] [Thread-4 (]: SQL status: COMMIT in 0.124 seconds
[0m09:58:04.738428 [debug] [Thread-4 (]: Applying DROP to: "postgres"."analytics"."mart_cost_pressure_annual__dbt_backup"
[0m09:58:04.739763 [debug] [Thread-4 (]: Using postgres connection "model.civic_affordability.mart_cost_pressure_annual"
[0m09:58:04.740412 [debug] [Thread-4 (]: On model.civic_affordability.mart_cost_pressure_annual: /* {"app": "dbt", "dbt_version": "1.11.6", "profile_name": "civic_affordability", "target_name": "dev", "node_id": "model.civic_affordability.mart_cost_pressure_annual"} */
drop view if exists "postgres"."analytics"."mart_cost_pressure_annual__dbt_backup" cascade
[0m09:58:04.862028 [debug] [Thread-4 (]: SQL status: DROP VIEW in 0.120 seconds
[0m09:58:04.865544 [debug] [Thread-4 (]: On model.civic_affordability.mart_cost_pressure_annual: Close
[0m09:58:04.867781 [debug] [Thread-4 (]: Sending event: {'category': 'dbt', 'action': 'run_model', 'label': 'b828fc4c-9fd0-49c2-93ed-2b3a3188560f', 'context': [<snowplow_tracker.self_describing_json.SelfDescribingJson object at 0x106355c90>]}
[0m09:58:04.869295 [info ] [Thread-4 (]: 3 of 3 OK created sql view model analytics.mart_cost_pressure_annual ........... [[32mCREATE VIEW[0m in 1.70s]
[0m09:58:04.870544 [debug] [Thread-4 (]: Finished running node model.civic_affordability.mart_cost_pressure_annual
[0m09:58:04.874491 [debug] [MainThread]: On master: COMMIT
[0m09:58:04.875260 [debug] [MainThread]: Using postgres connection "master"
[0m09:58:04.875648 [debug] [MainThread]: On master: COMMIT
[0m09:58:04.876401 [debug] [MainThread]: Opening a new connection, currently in state closed
[0m09:58:05.990159 [debug] [MainThread]: SQL status: COMMIT in 1.114 seconds
[0m09:58:05.990906 [debug] [MainThread]: On master: Close
[0m09:58:05.991489 [debug] [MainThread]: Connection 'master' was properly closed.
[0m09:58:05.991703 [debug] [MainThread]: Connection 'model.civic_affordability.mart_affordability_index_annual' was properly closed.
[0m09:58:05.991891 [debug] [MainThread]: Connection 'model.civic_affordability.mart_policy_events_direct' was properly closed.
[0m09:58:05.992070 [debug] [MainThread]: Connection 'model.civic_affordability.mart_cost_pressure_annual' was properly closed.
[0m09:58:05.992446 [info ] [MainThread]: 
[0m09:58:05.992714 [info ] [MainThread]: Finished running 3 view models in 0 hours 0 minutes and 8.63 seconds (8.63s).
[0m09:58:05.993420 [debug] [MainThread]: Command end result
[0m09:58:06.011507 [debug] [MainThread]: Wrote artifact WritableManifest to /Users/brentondickerson/git/breathe/civic_affordability_pg/dbt/target/manifest.json
[0m09:58:06.013958 [debug] [MainThread]: Wrote artifact SemanticManifest to /Users/brentondickerson/git/breathe/civic_affordability_pg/dbt/target/semantic_manifest.json
[0m09:58:06.017438 [debug] [MainThread]: Wrote artifact RunExecutionResult to /Users/brentondickerson/git/breathe/civic_affordability_pg/dbt/target/run_results.json
[0m09:58:06.017619 [info ] [MainThread]: 
[0m09:58:06.017835 [info ] [MainThread]: [32mCompleted successfully[0m
[0m09:58:06.017993 [info ] [MainThread]: 
[0m09:58:06.018714 [info ] [MainThread]: Done. PASS=3 WARN=0 ERROR=0 SKIP=0 NO-OP=0 TOTAL=3
[0m09:58:06.023387 [debug] [MainThread]: Resource report: {"command_name": "run", "command_success": true, "command_wall_clock_time": 9.457117, "process_in_blocks": "0", "process_kernel_time": 0.252433, "process_mem_max_rss": "140328960", "process_out_blocks": "0", "process_user_time": 1.625705}
[0m09:58:06.023764 [debug] [MainThread]: Command `dbt run` succeeded at 09:58:06.023712 after 9.46 seconds
[0m09:58:06.024075 [debug] [MainThread]: Sending event: {'category': 'dbt', 'action': 'invocation', 'label': 'end', 'context': [<snowplow_tracker.self_describing_json.SelfDescribingJson object at 0x100993c90>, <snowplow_tracker.self_describing_json.SelfDescribingJson object at 0x1008d5a90>, <snowplow_tracker.self_describing_json.SelfDescribingJson object at 0x1008d5710>]}
[0m09:58:06.024285 [debug] [MainThread]: Flushing usage events
[0m09:58:06.551481 [debug] [MainThread]: An error was encountered while trying to flush usage events
